<?xml version="1.0" encoding="UTF-8"?>
<!-- Generated by org.testng.reporters.JUnitReportReporter -->
<testsuite hostname="TYSS-Manuja-Lamani" failures="0" tests="1" name="seleniumScripts.CloaseOnlyChildBrowser" time="22.777" errors="0" timestamp="2024-10-24T13:45:19 IST" skipped="0">
  <testcase classname="seleniumScripts.CloaseOnlyChildBrowser" name="CloaseOnlyChildBrowser" time="22.777"/>
  <system-out/>
</testsuite> <!-- seleniumScripts.CloaseOnlyChildBrowser -->
